###-------- ASSIGNMENT 1 --------##

Task 1:
    1  history -w
    2  mkdir Assignment1
    3  ls
    4  cd Assignment1
    5  vi Assignment1.txt

Task 2a:
    6  echo $SHELL
    7  echo $SHELL >> Assignment1.txt

Task 2b: 
    8  echo ~
    9  echo ~ >> Assignment1.txt 

Task 3:
   10  grep 'megansp24' /etc/passwd
   11  grep 'megansp24' /etc/passwd >> Assignment1.txt 
   12  grep 'megansp24' /etc/group
   13  grep 'megansp24' /etc/group >> Assignment1.txt

Task 4: 
   14  mkdir myDir
   15  chmod u-w myDir/
   16  cd myDir/
   17  ls
   18  ls -l
   19  ls -l >> Assignment1.txt
   20  vi test.txt
   21  cd ..

Task 5:
   22  mkdir myDir2
   23  mkdir myDir3

Task 6a:
   24  cd myDir2/
   25  vi myFile.txt
   26  mv myFile.txt ../myDir3
   27  ls
   28  cd ..
   29  cd myDir3
   30  ls
   31  cd ..

Task 6b:
   32  man free
   33  free
   34  free >> Assignment1.txt 
   35  man free
   36  free -m
   37  free -m >> Assignment1.txt
   38  vi Assignment1.txt

Task 9:
   39  cd /etc/
   40  ls
   41  cat /etc/os-release 
   42  cd ..
   43  cd home
   44  cd ~
   45  ls
   46  cd CS131/
   47  cd Assignment1/
   48  cat /etc/os-release
   49  cat /etc/os-release >> Assignment1.txt 

Task 10:
   50  ls -l /etc/os-release 
   51  ls -l /etc/os-release >> Assignment1.txt 
   52  vi Assignment1.txt 
   53  history > cmds.log
